#
# There is insufficient memory for the Java Runtime Environment to continue.
# Native memory allocation (mmap) failed to map 117440512 bytes for G1 virtual space
# Possible reasons:
#   The system is out of physical RAM or swap space
#   The process is running with CompressedOops enabled, and the Java Heap may be blocking the growth of the native heap
# Possible solutions:
#   Reduce memory load on the system
#   Increase physical memory or swap space
#   Check if swap backing store is full
#   Decrease Java heap size (-Xmx/-Xms)
#   Decrease number of Java threads
#   Decrease Java thread stack sizes (-Xss)
#   Set larger code cache with -XX:ReservedCodeCacheSize=
#   JVM is running with Unscaled Compressed Oops mode in which the Java heap is
#     placed in the first 4GB address space. The Java Heap base address is the
#     maximum limit for the native heap growth. Please use -XX:HeapBaseMinAddress
#     to set the Java Heap base and to place the Java Heap above 4GB virtual address.
# This output file may be truncated or incomplete.
#
#  Out of Memory Error (os_windows.cpp:3771), pid=41016, tid=53384
#
# JRE version:  (17.0.7) (build )
# Java VM: OpenJDK 64-Bit Server VM (17.0.7+0-b2043.56-10550314, mixed mode, sharing, tiered, compressed oops, compressed class ptrs, g1 gc, windows-amd64)
# No core dump will be written. Minidumps are not enabled by default on client versions of Windows
#

---------------  S U M M A R Y ------------

Command Line: git4idea.http.GitAskPassApp Username for 'https://github.com': 

Host: AMD Ryzen 5 3500U with Radeon Vega Mobile Gfx  , 8 cores, 6G,  Windows 10 , 64 bit Build 19041 (10.0.19041.3636)
Time: Fri Apr 12 19:10:03 2024 Paris, Madrid elapsed time: 0.045120 seconds (0d 0h 0m 0s)

---------------  T H R E A D  ---------------

Current thread (0x00000239ac6d3750):  JavaThread "Unknown thread" [_thread_in_vm, id=53384, stack(0x000000f72d700000,0x000000f72d800000)]

Stack: [0x000000f72d700000,0x000000f72d800000]
Native frames: (J=compiled Java code, j=interpreted, Vv=VM code, C=native code)
V  [jvm.dll+0x683bfa]
V  [jvm.dll+0x8430a4]
V  [jvm.dll+0x8449be]
V  [jvm.dll+0x845023]
V  [jvm.dll+0x24ad2f]
V  [jvm.dll+0x680ac9]
V  [jvm.dll+0x67519a]
V  [jvm.dll+0x30b3cb]
V  [jvm.dll+0x312876]
V  [jvm.dll+0x36221e]
V  [jvm.dll+0x36244f]
V  [jvm.dll+0x2e14a8]
V  [jvm.dll+0x2e2414]
V  [jvm.dll+0x814391]
V  [jvm.dll+0x36ffe1]
V  [jvm.dll+0x7f396c]
V  [jvm.dll+0x3f305f]
V  [jvm.dll+0x3f4b91]
C  [jli.dll+0x528f]
C  [ucrtbase.dll+0x21bb2]
C  [KERNEL32.DLL+0x17344]
C  [ntdll.dll+0x526b1]


---------------  P R O C E S S  ---------------

Threads class SMR info:
_java_thread_list=0x00007ffddfecd098, length=0, elements={
}

Java Threads: ( => current thread )

Other Threads:
  0x00000239ac726c40 GCTaskThread "GC Thread#0" [stack: 0x000000f72d800000,0x000000f72d900000] [id=43576]
  0x00000239ac736120 ConcurrentGCThread "G1 Main Marker" [stack: 0x000000f72d900000,0x000000f72da00000] [id=49176]
  0x00000239ac736b30 ConcurrentGCThread "G1 Conc#0" [stack: 0x000000f72da00000,0x000000f72db00000] [id=6428]

[error occurred during error reporting (printing all threads), id 0xc0000005, EXCEPTION_ACCESS_VIOLATION (0xc0000005) at pc=0x00007ffddf682087]

VM state: not at safepoint (not fully initialized)

VM Mutex/Monitor currently owned by a thread:  ([mutex/lock_event])
[0x00000239ac6cee00] Heap_lock - owner thread: 0x00000239ac6d3750

Heap address: 0x0000000091000000, size: 1776 MB, Compressed Oops mode: 32-bit

CDS archive(s) mapped at: [0x0000000000000000-0x0000000000000000-0x0000000000000000), size 0, SharedBaseAddress: 0x0000000800000000, ArchiveRelocationMode: 0.
Narrow klass base: 0x0000000000000000, Narrow klass shift: 0, Narrow klass range: 0x0

GC Precious Log:
<Empty>

Heap:
 garbage-first heap   total 0K, used 0K [0x0000000091000000, 0x0000000100000000)
  region size 1024K, 0 young (0K), 0 survivors (0K)
 Metaspace       used 0K, committed 0K, reserved 0K
  class space    used 0K, committed 0K, reserved 0K

Heap Regions: E=young(eden), S=young(survivor), O=old, HS=humongous(starts), HC=humongous(continues), CS=collection set, F=free, OA=open archive, CA=closed archive, TAMS=top-at-mark-start (previous, next)

Card table byte_map: [0x00000239bf270000,0x00000239bf5f0000] _byte_map_base: 0x00000239bede8000

Marking Bits (Prev, Next): (CMBitMap*) 0x00000239ac727250, (CMBitMap*) 0x00000239ac727290
 Prev Bits: [0x00000239bf970000, 0x00000239c1530000)
 Next Bits: [0x00000239c1530000, 0x00000239c30f0000)

GC Heap History (0 events):
No events

Dll operation events (1 events):
Event: 0.027 Loaded shared library C:\Program Files\Android\Android Studio\jbr\bin\java.dll

Deoptimization events (0 events):
No events

Classes unloaded (0 events):
No events

Classes redefined (0 events):
No events

Internal exceptions (0 events):
No events

VM Operations (0 events):
No events

Events (0 events):
No events


Dynamic libraries:
0x00007ff659bd0000 - 0x00007ff659bda000 	C:\Program Files\Android\Android Studio\jbr\bin\java.exe
0x00007ffe229d0000 - 0x00007ffe22bc8000 	C:\WINDOWS\SYSTEM32\ntdll.dll
0x00007ffe21a60000 - 0x00007ffe21b1d000 	C:\WINDOWS\System32\KERNEL32.DLL
0x00007ffe20170000 - 0x00007ffe20466000 	C:\WINDOWS\System32\KERNELBASE.dll
0x00007ffe20500000 - 0x00007ffe20600000 	C:\WINDOWS\System32\ucrtbase.dll
0x00007ffe06710000 - 0x00007ffe06727000 	C:\Program Files\Android\Android Studio\jbr\bin\jli.dll
0x00007ffe111b0000 - 0x00007ffe111cb000 	C:\Program Files\Android\Android Studio\jbr\bin\VCRUNTIME140.dll
0x00007ffe20d60000 - 0x00007ffe20efe000 	C:\WINDOWS\System32\USER32.dll
0x00007ffe20800000 - 0x00007ffe20822000 	C:\WINDOWS\System32\win32u.dll
0x00007ffe21130000 - 0x00007ffe2115b000 	C:\WINDOWS\System32\GDI32.dll
0x00007ffe208e0000 - 0x00007ffe209f7000 	C:\WINDOWS\System32\gdi32full.dll
0x00007ffe20600000 - 0x00007ffe2069d000 	C:\WINDOWS\System32\msvcp_win.dll
0x00007ffe0af70000 - 0x00007ffe0b20a000 	C:\WINDOWS\WinSxS\amd64_microsoft.windows.common-controls_6595b64144ccf1df_6.0.19041.3636_none_60b6a03d71f818d5\COMCTL32.dll
0x00007ffe20f40000 - 0x00007ffe20fde000 	C:\WINDOWS\System32\msvcrt.dll
0x00007ffe20f00000 - 0x00007ffe20f32000 	C:\WINDOWS\System32\IMM32.DLL
0x00007ffe191c0000 - 0x00007ffe191cc000 	C:\Program Files\Android\Android Studio\jbr\bin\vcruntime140_1.dll
0x00007ffdf9d40000 - 0x00007ffdf9dcd000 	C:\Program Files\Android\Android Studio\jbr\bin\msvcp140.dll
0x00007ffddf390000 - 0x00007ffde0010000 	C:\Program Files\Android\Android Studio\jbr\bin\server\jvm.dll
0x00007ffe20a00000 - 0x00007ffe20ab0000 	C:\WINDOWS\System32\ADVAPI32.dll
0x00007ffe21b20000 - 0x00007ffe21bc0000 	C:\WINDOWS\System32\sechost.dll
0x00007ffe22490000 - 0x00007ffe225b5000 	C:\WINDOWS\System32\RPCRT4.dll
0x00007ffe20080000 - 0x00007ffe200a7000 	C:\WINDOWS\System32\bcrypt.dll
0x00007ffe110b0000 - 0x00007ffe110d7000 	C:\WINDOWS\SYSTEM32\WINMM.dll
0x00007ffe11ff0000 - 0x00007ffe11ffa000 	C:\WINDOWS\SYSTEM32\VERSION.dll
0x00007ffe17410000 - 0x00007ffe17419000 	C:\WINDOWS\SYSTEM32\WSOCK32.dll
0x00007ffe21cb0000 - 0x00007ffe21d1b000 	C:\WINDOWS\System32\ws2_32.DLL
0x00007ffe1df30000 - 0x00007ffe1df42000 	C:\WINDOWS\SYSTEM32\kernel.appcore.dll
0x00007ffe19d40000 - 0x00007ffe19d4a000 	C:\Program Files\Android\Android Studio\jbr\bin\jimage.dll
0x00007ffe18030000 - 0x00007ffe18214000 	C:\WINDOWS\SYSTEM32\DBGHELP.DLL
0x00007ffe16da0000 - 0x00007ffe16dd4000 	C:\WINDOWS\SYSTEM32\dbgcore.DLL
0x00007ffe20470000 - 0x00007ffe204f2000 	C:\WINDOWS\System32\bcryptPrimitives.dll
0x00007ffe16740000 - 0x00007ffe16765000 	C:\Program Files\Android\Android Studio\jbr\bin\java.dll

dbghelp: loaded successfully - version: 4.0.5 - missing functions: none
symbol engine: initialized successfully - sym options: 0x614 - pdb path: .;C:\Program Files\Android\Android Studio\jbr\bin;C:\WINDOWS\SYSTEM32;C:\WINDOWS\WinSxS\amd64_microsoft.windows.common-controls_6595b64144ccf1df_6.0.19041.3636_none_60b6a03d71f818d5;C:\Program Files\Android\Android Studio\jbr\bin\server

VM Arguments:
java_command: git4idea.http.GitAskPassApp Username for 'https://github.com': 
java_class_path (initial): C:/Program Files/Android/Android Studio/plugins/vcs-git/lib/git4idea-rt.jar;C:/Program Files/Android/Android Studio/lib/externalProcess-rt.jar
Launcher Type: SUN_STANDARD

[Global flags]
     intx CICompilerCount                          = 4                                         {product} {ergonomic}
     uint ConcGCThreads                            = 2                                         {product} {ergonomic}
     uint G1ConcRefinementThreads                  = 8                                         {product} {ergonomic}
   size_t G1HeapRegionSize                         = 1048576                                   {product} {ergonomic}
    uintx GCDrainStackTargetSize                   = 64                                        {product} {ergonomic}
   size_t InitialHeapSize                          = 117440512                                 {product} {ergonomic}
   size_t MarkStackSize                            = 4194304                                   {product} {ergonomic}
   size_t MaxHeapSize                              = 1862270976                                {product} {ergonomic}
   size_t MinHeapDeltaBytes                        = 1048576                                   {product} {ergonomic}
   size_t MinHeapSize                              = 8388608                                   {product} {ergonomic}
    uintx NonNMethodCodeHeapSize                   = 5839372                                {pd product} {ergonomic}
    uintx NonProfiledCodeHeapSize                  = 122909434                              {pd product} {ergonomic}
    uintx ProfiledCodeHeapSize                     = 122909434                              {pd product} {ergonomic}
    uintx ReservedCodeCacheSize                    = 251658240                              {pd product} {ergonomic}
     bool SegmentedCodeCache                       = true                                      {product} {ergonomic}
   size_t SoftMaxHeapSize                          = 1862270976                             {manageable} {ergonomic}
     bool UseCompressedClassPointers               = true                           {product lp64_product} {ergonomic}
     bool UseCompressedOops                        = true                           {product lp64_product} {ergonomic}
     bool UseG1GC                                  = true                                      {product} {ergonomic}
     bool UseLargePagesIndividualAllocation        = false                                  {pd product} {ergonomic}

Logging:
Log output configuration:
 #0: stdout all=warning uptime,level,tags
 #1: stderr all=off uptime,level,tags

Environment Variables:
PATH=C:/Program Files/Git/mingw64/libexec/git-core;C:/Program Files/Git/mingw64/libexec/git-core;C:\Program Files\Git\mingw64\bin;C:\Program Files\Git\usr\bin;C:\Users\pc\bin;C:\Program Files (x86)\VMware\VMware Player\bin\;C:\Program Files (x86)\Common Files\Oracle\Java\javapath;C:\WINDOWS\system32;C:\WINDOWS;C:\WINDOWS\System32\Wbem;C:\WINDOWS\System32\WindowsPowerShell\v1.0\;C:\WINDOWS\System32\OpenSSH\;C:\Program Files\Git\cmd;C:\Dev-Cpp\mingw32\bin;C:\Program Files (x86)\GnuWin32\bin;%NVM_HOME%;%NVM_SYMLINK%;C:\Program Files\nodejs\;C:\Users\pc\.console-ninja\.bin;C:\Program Files\MySQL\MySQL Shell 8.0\bin\;C:\Users\pc\AppData\Local\Programs\Python\Python311\Scripts\;C:\Users\pc\AppData\Local\Programs\Python\Python311\;C:\Users\pc\AppData\Local\Microsoft\WindowsApps;C:\Users\pc\AppData\Local\Programs\Microsoft VS Code\bin;C:\Program Files (x86)\GnuWin32\bin;C:\Dev-Cpp\mingw32\bin;C:\MinGW\bin;C:\Users\pc\AppData\Roaming\nvm;C:\Program Files\nodejs;C:\Users\pc\AppData\Roaming\npm
USERNAME=pc
DISPLAY=:0.0
LC_ALL=en_US.UTF-8
TERM=xterm-256color
TMPDIR=C:\Users\pc\AppData\Local\Temp
OS=Windows_NT
PROCESSOR_IDENTIFIER=AMD64 Family 23 Model 24 Stepping 1, AuthenticAMD
TMP=C:\Users\pc\AppData\Local\Temp
TEMP=C:\Users\pc\AppData\Local\Temp


JNI global refs:
JNI global refs: 0, weak refs: 0

JNI global refs memory usage: 0, weak refs: 0

OOME stack traces (most recent first):
Classloader memory used:


---------------  S Y S T E M  ---------------

OS:
 Windows 10 , 64 bit Build 19041 (10.0.19041.3636)
OS uptime: 17 days 15:59 hours

CPU: total 8 (initial active 8) (8 cores per cpu, 2 threads per core) family 23 model 24 stepping 1 microcode 0x0, cx8, cmov, fxsr, ht, mmx, 3dnowpref, sse, sse2, sse3, ssse3, sse4a, sse4.1, sse4.2, popcnt, lzcnt, tsc, tscinvbit, avx, avx2, aes, clmul, bmi1, bmi2, adx, sha, fma, vzeroupper, clflush, clflushopt

Memory: 4k page, system-wide physical 7103M (273M free)
TotalPageFile size 28607M (AvailPageFile size 26M)
current process WorkingSet (physical memory assigned to process): 10M, peak: 10M
current process commit charge ("private bytes"): 60M, peak: 172M

vm_info: OpenJDK 64-Bit Server VM (17.0.7+0-b2043.56-10550314) for windows-amd64 JRE (17.0.7+0-b2043.56-10550314), built on Jul 24 2023 18:27:45 by "androidbuild" with MS VC++ 16.10 / 16.11 (VS2019)

END.
